Symbol range map extraction starting
Processing 25 files
startProcessing "me\spthiel\entities\JSON\CDL.java" md5: e2fb99bd787149e73b74d1ad79728f0d
Cache Hit!
endProcessing "me\spthiel\entities\JSON\CDL.java"

startProcessing "me\spthiel\entities\JSON\Cookie.java" md5: 9ef0c80cbb6d668224a616c3333d80db
Cache Hit!
endProcessing "me\spthiel\entities\JSON\Cookie.java"

startProcessing "me\spthiel\entities\JSON\CookieList.java" md5: eb5e0709e6f030b091b010182d4689a6
Cache Hit!
endProcessing "me\spthiel\entities\JSON\CookieList.java"

startProcessing "me\spthiel\entities\JSON\HTTP.java" md5: f3d15f84a3d82c90172de2663e952c1f
Cache Hit!
endProcessing "me\spthiel\entities\JSON\HTTP.java"

startProcessing "me\spthiel\entities\JSON\HTTPTokener.java" md5: 3faaa26e8aefb98b87cb51bbcf175c53
Cache Hit!
endProcessing "me\spthiel\entities\JSON\HTTPTokener.java"

startProcessing "me\spthiel\entities\JSON\JSONArray.java" md5: 824633ef1098f43f59a14d8cec9413d2
Cache Hit!
endProcessing "me\spthiel\entities\JSON\JSONArray.java"

startProcessing "me\spthiel\entities\JSON\JSONException.java" md5: beffd6793be97cfaba42c1551e8921b4
Cache Hit!
endProcessing "me\spthiel\entities\JSON\JSONException.java"

startProcessing "me\spthiel\entities\JSON\JSONML.java" md5: a913cc5f06815a98cb213c836264fee0
Cache Hit!
endProcessing "me\spthiel\entities\JSON\JSONML.java"

startProcessing "me\spthiel\entities\JSON\JSONObject.java" md5: a206b9953cd64a01db41cb85a3ce354c
Cache Hit!
endProcessing "me\spthiel\entities\JSON\JSONObject.java"

startProcessing "me\spthiel\entities\JSON\JSONPointer.java" md5: a8e830fffbf72aeb79b4c184534b3780
Cache Hit!
endProcessing "me\spthiel\entities\JSON\JSONPointer.java"

startProcessing "me\spthiel\entities\JSON\JSONPointerException.java" md5: 2df6c6ef365da0c5a3599825f8d3516b
Cache Hit!
endProcessing "me\spthiel\entities\JSON\JSONPointerException.java"

startProcessing "me\spthiel\entities\JSON\JSONString.java" md5: 2833904b299ba4bb003b7d1e09e8aea2
Cache Hit!
endProcessing "me\spthiel\entities\JSON\JSONString.java"

startProcessing "me\spthiel\entities\JSON\JSONStringer.java" md5: 0309d53011e0ba009fd71080344aea6c
Cache Hit!
endProcessing "me\spthiel\entities\JSON\JSONStringer.java"

startProcessing "me\spthiel\entities\JSON\JSONTokener.java" md5: a7107e89fa2ced74f83e991df58526dd
Cache Hit!
endProcessing "me\spthiel\entities\JSON\JSONTokener.java"

startProcessing "me\spthiel\entities\JSON\JSONWriter.java" md5: 2aa1b359cd62bce7eb69879fed3c1718
Cache Hit!
endProcessing "me\spthiel\entities\JSON\JSONWriter.java"

startProcessing "me\spthiel\entities\JSON\Property.java" md5: c1d4f69202beff96ee969fd4aa2ddb85
Cache Hit!
endProcessing "me\spthiel\entities\JSON\Property.java"

startProcessing "me\spthiel\entities\JSON\XML.java" md5: fc61149a756a30936eba52abb8e7992b
Cache Hit!
endProcessing "me\spthiel\entities\JSON\XML.java"

startProcessing "me\spthiel\entities\JSON\XMLTokener.java" md5: e26145442974bfc4aaab24ab08961930
Cache Hit!
endProcessing "me\spthiel\entities\JSON\XMLTokener.java"

startProcessing "me\spthiel\entities\ModuleInfo.java" md5: d5ee2a539c6c73ae13252a0f360dd074
Cache Hit!
endProcessing "me\spthiel\entities\ModuleInfo.java"

startProcessing "me\spthiel\entities\main\EntityTypes.java" md5: e626a87235e949997b49bfc0ffe12156
Cache Hit!
endProcessing "me\spthiel\entities\main\EntityTypes.java"

startProcessing "me\spthiel\entities\main\Entry2.java" md5: eac7f2cbe60a8c6d6ab1d985281c66cb
Cache Hit!
endProcessing "me\spthiel\entities\main\Entry2.java"

startProcessing "me\spthiel\entities\main\Entry3.java" md5: b7482ee790b5acb1018e109d24cbcbe6
Cache Hit!
endProcessing "me\spthiel\entities\main\Entry3.java"

startProcessing "me\spthiel\entities\main\Filter.java" md5: ee5ffd25a01e1d82292dd93381050801
Cache Hit!
endProcessing "me\spthiel\entities\main\Filter.java"

startProcessing "me\spthiel\entities\main\ScriptActionHelloWorld.java" md5: 0d68323855c3d160529128fdd2144bd5
Cache Hit!
endProcessing "me\spthiel\entities\main\ScriptActionHelloWorld.java"

startProcessing "me\spthiel\entities\main\ScriptedIteratorEntities.java" md5: baf2a087c23b1e7ba262232bad80c78a
endProcessing "me\spthiel\entities\main\ScriptedIteratorEntities.java"

