This mapping 'snapshot_20161124' was designed for MC 1.11! Use at your own peril.This mapping 'snapshot_20161124' was designed for MC 1.11! Use at your own peril.

:extractMcpMappings SKIPPED
:deobfCompileDeobfDepTask0 SKIPPED
:deobfCompileDeobfDepTask1 SKIPPED
:deobfCompileRemapDepSourcesTask2 SKIPPED
:liteloaderDeobfCompileDeobfDepTask0 SKIPPED
:liteloaderDeobfCompileRemapDepSourcesTask1 SKIPPED
:deobfCompileDummyTask
:deobfProvidedDummyTask
:sourceApiJava UP-TO-DATE
:compileApiJava UP-TO-DATE
:processApiResources UP-TO-DATE
:apiClasses UP-TO-DATE
:sourceMainJava
:compileJavawarning: [options] bootstrap class path not set in conjunction with -source 1.6
Note: SpongePowered MIXIN Annotation Processor Version=0.7.3
Note: ObfuscationServiceMCP supports type: "searge"
Note: ObfuscationServiceMCP supports type: "notch"
Note: C:\Users\stepp\IdeaProjects\ExampleModule\build\sources\main\java\me\spthiel\entities\main\EntityTypes.java uses unchecked or unsafe operations.
Note: Recompile with -Xlint:unchecked for details.

:processResources UP-TO-DATE
:classes
:jar
:sourceTestJava UP-TO-DATE
:compileTestJava UP-TO-DATE
:processTestResources UP-TO-DATE
:testClasses UP-TO-DATE
:test UP-TO-DATE
:extractMcpData SKIPPED
:genSrgs SKIPPED
:reobfJar
:extractRangemapReplacedMain
C:\Users\stepp\IdeaProjects\ExampleModule\build\sources\main\java
:retromapReplacedMain
remapping source...
:sourceJar
:assemble
:check UP-TO-DATE
:build

BUILD SUCCESSFUL

Total time: 7.343 secs
