Symbol range map extraction starting
Processing 23 files
startProcessing "me\spthiel\entities\JSON\CDL.java" md5: e2fb99bd787149e73b74d1ad79728f0d
endProcessing "me\spthiel\entities\JSON\CDL.java"

startProcessing "me\spthiel\entities\JSON\Cookie.java" md5: 9ef0c80cbb6d668224a616c3333d80db
endProcessing "me\spthiel\entities\JSON\Cookie.java"

startProcessing "me\spthiel\entities\JSON\CookieList.java" md5: eb5e0709e6f030b091b010182d4689a6
endProcessing "me\spthiel\entities\JSON\CookieList.java"

startProcessing "me\spthiel\entities\JSON\HTTP.java" md5: f3d15f84a3d82c90172de2663e952c1f
endProcessing "me\spthiel\entities\JSON\HTTP.java"

startProcessing "me\spthiel\entities\JSON\HTTPTokener.java" md5: 3faaa26e8aefb98b87cb51bbcf175c53
endProcessing "me\spthiel\entities\JSON\HTTPTokener.java"

startProcessing "me\spthiel\entities\JSON\JSONArray.java" md5: 824633ef1098f43f59a14d8cec9413d2
endProcessing "me\spthiel\entities\JSON\JSONArray.java"

startProcessing "me\spthiel\entities\JSON\JSONException.java" md5: beffd6793be97cfaba42c1551e8921b4
endProcessing "me\spthiel\entities\JSON\JSONException.java"

startProcessing "me\spthiel\entities\JSON\JSONML.java" md5: a913cc5f06815a98cb213c836264fee0
endProcessing "me\spthiel\entities\JSON\JSONML.java"

startProcessing "me\spthiel\entities\JSON\JSONObject.java" md5: b6c1dbda500e88b484329104170075c9
endProcessing "me\spthiel\entities\JSON\JSONObject.java"

startProcessing "me\spthiel\entities\JSON\JSONPointer.java" md5: a8e830fffbf72aeb79b4c184534b3780
endProcessing "me\spthiel\entities\JSON\JSONPointer.java"

startProcessing "me\spthiel\entities\JSON\JSONPointerException.java" md5: 2df6c6ef365da0c5a3599825f8d3516b
endProcessing "me\spthiel\entities\JSON\JSONPointerException.java"

startProcessing "me\spthiel\entities\JSON\JSONString.java" md5: 2833904b299ba4bb003b7d1e09e8aea2
endProcessing "me\spthiel\entities\JSON\JSONString.java"

startProcessing "me\spthiel\entities\JSON\JSONStringer.java" md5: 0309d53011e0ba009fd71080344aea6c
endProcessing "me\spthiel\entities\JSON\JSONStringer.java"

startProcessing "me\spthiel\entities\JSON\JSONTokener.java" md5: a7107e89fa2ced74f83e991df58526dd
endProcessing "me\spthiel\entities\JSON\JSONTokener.java"

startProcessing "me\spthiel\entities\JSON\JSONWriter.java" md5: 2aa1b359cd62bce7eb69879fed3c1718
endProcessing "me\spthiel\entities\JSON\JSONWriter.java"

startProcessing "me\spthiel\entities\JSON\Property.java" md5: c1d4f69202beff96ee969fd4aa2ddb85
endProcessing "me\spthiel\entities\JSON\Property.java"

startProcessing "me\spthiel\entities\JSON\XML.java" md5: fc61149a756a30936eba52abb8e7992b
endProcessing "me\spthiel\entities\JSON\XML.java"

startProcessing "me\spthiel\entities\JSON\XMLTokener.java" md5: e26145442974bfc4aaab24ab08961930
endProcessing "me\spthiel\entities\JSON\XMLTokener.java"

startProcessing "me\spthiel\entities\ModuleInfo.java" md5: d5ee2a539c6c73ae13252a0f360dd074
endProcessing "me\spthiel\entities\ModuleInfo.java"

startProcessing "me\spthiel\entities\main\EntityTypes.java" md5: e626a87235e949997b49bfc0ffe12156
endProcessing "me\spthiel\entities\main\EntityTypes.java"

startProcessing "me\spthiel\entities\main\Entry.java" md5: 681b713d17b6d79ef53e5fdb2d315f32
endProcessing "me\spthiel\entities\main\Entry.java"

startProcessing "me\spthiel\entities\main\Filter.java" md5: 6697e398f0483754b4b00a8c32654c42
endProcessing "me\spthiel\entities\main\Filter.java"

startProcessing "me\spthiel\entities\main\ScriptedIteratorEntities.java" md5: 0c29e433ab33c8425bdae3e9b65ac173
endProcessing "me\spthiel\entities\main\ScriptedIteratorEntities.java"

